<?xml version="1.0" encoding="UTF-8"?>
<coverage generated="1490536451506" clover="3.2.0">
  <project timestamp="1490536451506" name="All files">
    <metrics statements="15" coveredstatements="6" conditionals="10" coveredconditionals="4" methods="6" coveredmethods="1" elements="31" coveredelements="11" complexity="0" loc="15" ncloc="15" packages="1" files="1" classes="1">
      <file name="blogs.js" path="/Users/DavinderKaur/development/CODE_TEST_MADETECH/app/controllers/blogs.js">
        <metrics statements="15" coveredstatements="6" conditionals="10" coveredconditionals="4" methods="6" coveredmethods="1"/>
        <line num="1" count="1" type="stmt"/>
        <line num="4" count="0" type="stmt"/>
        <line num="5" count="0" type="cond" truecount="0" falsecount="2"/>
        <line num="6" count="0" type="stmt"/>
        <line num="7" count="0" type="stmt"/>
        <line num="12" count="4" type="cond" truecount="4" falsecount="0"/>
        <line num="13" count="2" type="stmt"/>
        <line num="17" count="2" type="stmt"/>
        <line num="18" count="2" type="stmt"/>
        <line num="19" count="0" type="cond" truecount="0" falsecount="2"/>
        <line num="20" count="0" type="stmt"/>
        <line num="25" count="0" type="stmt"/>
        <line num="26" count="0" type="cond" truecount="0" falsecount="2"/>
        <line num="27" count="0" type="stmt"/>
        <line num="31" count="1" type="stmt"/>
      </file>
    </metrics>
  </project>
</coverage>
