{"/Users/DavinderKaur/development/CODE_TEST_MADETECH/app/controllers/blogs.js": {"path":"/Users/DavinderKaur/development/CODE_TEST_MADETECH/app/controllers/blogs.js","statementMap":{"0":{"start":{"line":1,"column":13},"end":{"line":1,"column":38}},"1":{"start":{"line":4,"column":2},"end":{"line":8,"column":5}},"2":{"start":{"line":5,"column":4},"end":{"line":5,"column":46}},"3":{"start":{"line":5,"column":13},"end":{"line":5,"column":46}},"4":{"start":{"line":6,"column":4},"end":{"line":6,"column":17}},"5":{"start":{"line":7,"column":4},"end":{"line":7,"column":39}},"6":{"start":{"line":12,"column":2},"end":{"line":15,"column":3}},"7":{"start":{"line":13,"column":4},"end":{"line":14,"column":74}},"8":{"start":{"line":17,"column":18},"end":{"line":17,"column":41}},"9":{"start":{"line":18,"column":2},"end":{"line":21,"column":5}},"10":{"start":{"line":19,"column":4},"end":{"line":19,"column":46}},"11":{"start":{"line":19,"column":13},"end":{"line":19,"column":46}},"12":{"start":{"line":20,"column":4},"end":{"line":20,"column":42}},"13":{"start":{"line":25,"column":2},"end":{"line":28,"column":5}},"14":{"start":{"line":26,"column":4},"end":{"line":26,"column":46}},"15":{"start":{"line":26,"column":13},"end":{"line":26,"column":46}},"16":{"start":{"line":27,"column":4},"end":{"line":27,"column":31}},"17":{"start":{"line":31,"column":0},"end":{"line":35,"column":2}}},"fnMap":{"0":{"name":"blogsIndex","decl":{"start":{"line":3,"column":9},"end":{"line":3,"column":19}},"loc":{"start":{"line":3,"column":30},"end":{"line":9,"column":1}},"line":3},"1":{"name":"(anonymous_1)","decl":{"start":{"line":4,"column":16},"end":{"line":4,"column":17}},"loc":{"start":{"line":4,"column":32},"end":{"line":8,"column":3}},"line":4},"2":{"name":"blogsCreate","decl":{"start":{"line":11,"column":9},"end":{"line":11,"column":20}},"loc":{"start":{"line":11,"column":31},"end":{"line":22,"column":1}},"line":11},"3":{"name":"(anonymous_3)","decl":{"start":{"line":18,"column":22},"end":{"line":18,"column":23}},"loc":{"start":{"line":18,"column":37},"end":{"line":21,"column":3}},"line":18},"4":{"name":"blogsDelete","decl":{"start":{"line":24,"column":9},"end":{"line":24,"column":20}},"loc":{"start":{"line":24,"column":31},"end":{"line":29,"column":1}},"line":24},"5":{"name":"(anonymous_5)","decl":{"start":{"line":25,"column":42},"end":{"line":25,"column":43}},"loc":{"start":{"line":25,"column":51},"end":{"line":28,"column":3}},"line":25}},"branchMap":{"0":{"loc":{"start":{"line":5,"column":4},"end":{"line":5,"column":46}},"type":"if","locations":[{"start":{"line":5,"column":4},"end":{"line":5,"column":46}},{"start":{"line":5,"column":4},"end":{"line":5,"column":46}}],"line":5},"1":{"loc":{"start":{"line":12,"column":2},"end":{"line":15,"column":3}},"type":"if","locations":[{"start":{"line":12,"column":2},"end":{"line":15,"column":3}},{"start":{"line":12,"column":2},"end":{"line":15,"column":3}}],"line":12},"2":{"loc":{"start":{"line":12,"column":6},"end":{"line":12,"column":81}},"type":"binary-expr","locations":[{"start":{"line":12,"column":6},"end":{"line":12,"column":42}},{"start":{"line":12,"column":46},"end":{"line":12,"column":81}}],"line":12},"3":{"loc":{"start":{"line":19,"column":4},"end":{"line":19,"column":46}},"type":"if","locations":[{"start":{"line":19,"column":4},"end":{"line":19,"column":46}},{"start":{"line":19,"column":4},"end":{"line":19,"column":46}}],"line":19},"4":{"loc":{"start":{"line":26,"column":4},"end":{"line":26,"column":46}},"type":"if","locations":[{"start":{"line":26,"column":4},"end":{"line":26,"column":46}},{"start":{"line":26,"column":4},"end":{"line":26,"column":46}}],"line":26}},"s":{"0":1,"1":0,"2":0,"3":0,"4":0,"5":0,"6":4,"7":2,"8":2,"9":2,"10":0,"11":0,"12":0,"13":0,"14":0,"15":0,"16":0,"17":1},"f":{"0":0,"1":0,"2":4,"3":0,"4":0,"5":0},"b":{"0":[0,0],"1":[2,2],"2":[4,3],"3":[0,0],"4":[0,0]},"_coverageSchema":"332fd63041d2c1bcb487cc26dd0d5f7d97098a6c","hash":"50b3f5f125d43dc4f55eb1655cdb5714e4a77897"}
}
