TN:
SF:/Users/DavinderKaur/development/CODE_TEST_MADETECH/app/controllers/blogs.js
FN:3,blogsIndex
FN:4,(anonymous_1)
FN:11,blogsCreate
FN:18,(anonymous_3)
FN:24,blogsDelete
FN:25,(anonymous_5)
FNF:6
FNH:1
FNDA:0,blogsIndex
FNDA:0,(anonymous_1)
FNDA:4,blogsCreate
FNDA:0,(anonymous_3)
FNDA:0,blogsDelete
FNDA:0,(anonymous_5)
DA:1,1
DA:4,0
DA:5,0
DA:6,0
DA:7,0
DA:12,4
DA:13,2
DA:17,2
DA:18,2
DA:19,0
DA:20,0
DA:25,0
DA:26,0
DA:27,0
DA:31,1
LF:15
LH:6
BRDA:5,0,0,0
BRDA:5,0,1,0
BRDA:12,1,0,2
BRDA:12,1,1,2
BRDA:12,2,0,4
BRDA:12,2,1,3
BRDA:19,3,0,0
BRDA:19,3,1,0
BRDA:26,4,0,0
BRDA:26,4,1,0
BRF:10
BRH:4
end_of_record
